2024-06-13 16:24:00,367 INFO: ------------------------------------------------------------------------------------------------------------------------
2024-06-13 16:24:00,368 INFO: Starting dimensionality reduction.
2024-06-13 16:24:00,369 INFO: Loading tfidfs.
2024-06-13 16:24:11,074 INFO: 010000 tfidfs have being loaded.
2024-06-13 16:24:11,713 INFO: Performing PCA_TSNE model.
2024-06-13 16:24:11,714 INFO:     Searching for optim value of components.
2024-06-13 16:24:11,715 INFO:     Initializing PCA model with parameters:
2024-06-13 16:24:11,716 INFO:        - n_components = 500
2024-06-13 16:24:11,720 INFO:        - svd_solver = auto
2024-06-13 16:24:11,720 INFO:        - seed = 1712
2024-06-13 16:24:11,721 INFO:     Embedding data with PCA model.
2024-06-13 16:25:18,399 INFO:     Data embedded succesfully.
2024-06-13 16:25:18,401 INFO:     Computing cumulative variance ratios.
2024-06-13 16:25:18,403 INFO:     Selecting as candidates those which have cumulative variance ratio between 0.04 and 0.1.
2024-06-13 16:25:18,405 INFO:     Choosing optim value among [5, 6, 7, 8, 9, 10, 11, 12, 13, 14, 15, 16, 17, 18, 19, 20, 21, 22, 23, 24, 25].
2024-06-13 16:25:23,980 INFO:        + K-Means with 05 components gets 0.02467 of silhouette score.
2024-06-13 16:25:29,419 INFO:        + K-Means with 06 components gets 0.02038 of silhouette score.
2024-06-13 16:25:34,867 INFO:        + K-Means with 07 components gets 0.02741 of silhouette score.
2024-06-13 16:25:40,094 INFO:        + K-Means with 08 components gets 0.02625 of silhouette score.
2024-06-13 16:25:45,777 INFO:        + K-Means with 09 components gets 0.01719 of silhouette score.
2024-06-13 16:25:51,199 INFO:        + K-Means with 10 components gets 0.01252 of silhouette score.
2024-06-13 16:25:56,805 INFO:        + K-Means with 11 components gets 0.01891 of silhouette score.
2024-06-13 16:26:02,693 INFO:        + K-Means with 12 components gets 0.02258 of silhouette score.
2024-06-13 16:26:08,568 INFO:        + K-Means with 13 components gets 0.02314 of silhouette score.
2024-06-13 16:26:14,777 INFO:        + K-Means with 14 components gets 0.02390 of silhouette score.
2024-06-13 16:26:21,348 INFO:        + K-Means with 15 components gets 0.02414 of silhouette score.
2024-06-13 16:26:27,955 INFO:        + K-Means with 16 components gets 0.02486 of silhouette score.
2024-06-13 16:26:34,059 INFO:        + K-Means with 17 components gets 0.02632 of silhouette score.
2024-06-13 16:26:40,047 INFO:        + K-Means with 18 components gets 0.02763 of silhouette score.
2024-06-13 16:26:46,628 INFO:        + K-Means with 19 components gets 0.02483 of silhouette score.
2024-06-13 16:26:53,406 INFO:        + K-Means with 20 components gets 0.03007 of silhouette score.
2024-06-13 16:27:01,499 INFO:        + K-Means with 21 components gets 0.03084 of silhouette score.
2024-06-13 16:27:10,762 INFO:        + K-Means with 22 components gets 0.02795 of silhouette score.
2024-06-13 16:27:20,346 INFO:        + K-Means with 23 components gets 0.02602 of silhouette score.
2024-06-13 16:27:29,201 INFO:        + K-Means with 24 components gets 0.02994 of silhouette score.
2024-06-13 16:27:38,396 INFO:        + K-Means with 25 components gets 0.03197 of silhouette score.
2024-06-13 16:27:38,398 INFO:     Optim value of PCA is 25.
2024-06-13 16:27:38,399 INFO:     Building PCA model with parameters:
2024-06-13 16:27:38,400 INFO:        - n_components = 25
2024-06-13 16:27:38,401 INFO:        - svd_solver = auto
2024-06-13 16:27:38,402 INFO:        - seed = 1712
2024-06-13 16:27:38,403 INFO:     Embedding data with PCA model.
2024-06-13 16:27:55,692 INFO:     Building TSNE (execution 0) model with parameters:
2024-06-13 16:27:55,694 INFO:        - n_components = 2
2024-06-13 16:27:55,696 INFO:        - init = pca
2024-06-13 16:27:55,698 INFO:        - perplexity = 40
2024-06-13 16:27:55,699 INFO:        - early_exageration = 25.0
2024-06-13 16:27:55,700 INFO:        - learning_rate = 600
2024-06-13 16:27:55,702 INFO:        - n_iter = 100000
2024-06-13 16:27:55,703 INFO:        - n_iter_without_progress = 1000
2024-06-13 16:27:55,704 INFO:        - n_jobs = -1
2024-06-13 16:27:55,706 INFO:        - random_state = 1712
2024-06-13 16:27:55,707 INFO:        - verbose = 0
2024-06-13 16:27:55,709 INFO:     Embedding data with TSNE model.
